05/22/2023 03:29:23 AM 
contract name: Agent
contract address: 0xDEa6489012A3a4e8df7a3f22cbcB47bf2886c7aD
contract balance: 9.000000000000000000

05/22/2023 03:29:23 AM 
contract name: PrivateDepositLog
contract address: 0x62906F6961bADbaba86BB79f9d742277B882765c
contract balance: 0E-18

05/22/2023 03:29:23 AM 
contract name: NumberBoard
contract address: 0xd021f04D9c95c072Db0a1553cBC70BB52FE0f7ec
contract balance: 0E-18

05/22/2023 03:29:23 AM 
contract name: Fermat
contract address: 0xbB6a855e101F7395072F44A7B191a9E39401aCd5
contract balance: 0E-18

05/22/2023 03:29:23 AM 
contract name: PrivateDeposit
contract address: 0xd6E8b9545172B074865cbcb1FFDaE7F38cf8ce61
contract balance: 0E-18

05/22/2023 03:29:23 AM 
contract name: Soleau
contract address: 0x1aeD71D671C893524603eCE0DA4d34D0c6fa3971
contract balance: 0E-18

05/22/2023 03:29:23 AM 
contract name: Etheramid
contract address: 0xFfBfcd5178223Dea656F10781D41F68843c4cD87
contract balance: 0E-18

05/22/2023 03:29:23 AM 
contract name: BasicToken
contract address: 0x1Cc3a839cc5A8E14F595dab9dD05258b082a07e0
contract balance: 0E-18

05/22/2023 03:29:23 AM 
contract name: FunFairSale
contract address: 0xA87f853411003Ba709EBBd36b152eB8c13D2876C
contract balance: 0E-18

05/22/2023 03:29:23 AM 
contract name: BuyerFund
contract address: 0x78C44eFb385cBEFFE79ffaCfa754068eB14f3148
contract balance: 0E-18

05/22/2023 03:29:24 AM 
contract name: SafeMath
contract address: 0xfb8c02F08D3307BB650a3071A650379B15B7d428
contract balance: 0E-18

05/22/2023 03:29:24 AM 
contract name: MyOwnable
contract address: 0xc627fEc7cF74a54F1D5Fd2582fC1B641909CcFFC
contract balance: 0E-18

05/22/2023 03:29:24 AM 
contract name: MySafeMath
contract address: 0xA7F82C97547a9d0EEFdd33c155b8aED1ABcBc4c5
contract balance: 0E-18

05/22/2023 03:29:24 AM 
contract name: InkPublicPresale
contract address: 0x4614F2135910eEF6C4e3099cDe7eB2C65b7658c1
contract balance: 0E-18

05/22/2023 03:29:24 AM 
contract name: HFConditionalTransfer
contract address: 0x348959aBb96031fd96DEbF2a635043711131bfe7
contract balance: 0E-18

05/22/2023 03:29:24 AM 
contract name: PowerCoinOwnable
contract address: 0x610ABb379AF69a8e802FA2eFf6aebB2aEab695d4
contract balance: 0E-18

05/22/2023 03:29:24 AM 
contract name: MyToken
contract address: 0x85256aB1EAEd60D146Ba84d083709234f6e49C18
contract balance: 0E-18

05/22/2023 03:29:24 AM 
contract name: BigRisk
contract address: 0xF993f29E297645A9abab15C4FD7AAFea19E171c7
contract balance: 0E-18

05/22/2023 03:29:24 AM 
contract name: PowerCoinStandardToken
contract address: 0x92f1EC6c73f169840E0Ed3293bA17016a5C0ACeC
contract balance: 0E-18

05/22/2023 03:29:24 AM 
contract name: OasisDirectProxy
contract address: 0x9228A87E7ce5805dB95182f325d4b4E10Be2B77f
contract balance: 0E-18

05/22/2023 03:29:24 AM 
contract name: Ownable
contract address: 0xf282209462DF5a91066a33f7B1c6b7d3Eb10376F
contract balance: 0E-18

05/22/2023 03:29:24 AM 
contract name: PowerCoinSafeMath
contract address: 0xF65e2C21065A3079Dca604c2504d8B42f5ABbFE0
contract balance: 0E-18

05/22/2023 03:29:24 AM 
contract name: DSNote
contract address: 0xe2c3Fa40C9c3C79860cB92bAFcAd87Dd77e39639
contract balance: 0E-18

05/22/2023 03:29:24 AM 
contract name: DSProxyFactory
contract address: 0xc85392b60D83A73aF1598cAebD45C0defCe70223
contract balance: 0E-18

05/22/2023 03:29:25 AM 
contract name: EtherStore
contract address: 0x2C4d394D19cf7C310b4DF02f96a52B55e040d61F
contract balance: 0E-18

05/22/2023 03:29:25 AM 
contract name: SafeConditionalHFTransfer
contract address: 0x2906240F37b3eeE6770C1D903c49881FA0699460
contract balance: 0E-18

05/22/2023 03:29:25 AM 
contract name: PowerCoin
contract address: 0xFdD8Ea37834583654B4c91D8B053e622D45D8efb
contract balance: 0E-18

05/22/2023 03:29:25 AM 
contract name: ProxyCreationAndExecute
contract address: 0x12562C0d0cB36E72417c0Bf82D4A3A11353DE8b8
contract balance: 0E-18

05/22/2023 03:29:25 AM 
contract name: Forwarder
contract address: 0x2982E18d267548D974d5F66b8643897504E84cb3
contract balance: 0E-18

05/22/2023 03:29:25 AM 
contract name: Dappster
contract address: 0x38890642C83af55E972BceFa4812B348FF2A2a79
contract balance: 0E-18

05/22/2023 03:29:25 AM 
contract name: CreditDepositBank
contract address: 0x62737ddE8e8B52f1c6798e485A0D2C14D22af14a
contract balance: 0E-18

05/22/2023 03:29:25 AM 
contract name: TokenReceivable
contract address: 0x90BE867F251F50C9b5956af901ef6224C9813124
contract balance: 0E-18

05/22/2023 03:29:25 AM 
contract name: DSAuthEvents
contract address: 0xC6a4958342B69329907bB046F3a4B6b5A14E3465
contract balance: 0E-18

05/22/2023 03:29:25 AM 
contract name: MySafeMathOne
contract address: 0xc635dF1D6Bd7792c95CEA9b1DB62B4fF7907bA9c
contract balance: 0E-18

05/22/2023 03:29:25 AM 
contract name: Log
contract address: 0x38bf36aC7859Ce66617287dA373E118F688a659e
contract balance: 0E-18

05/22/2023 03:29:25 AM 
contract name: LZLCoin
contract address: 0x04386b870D25a1622d6220c7E86c66f9aFF0604e
contract balance: 0E-18

05/22/2023 03:29:25 AM 
contract name: DSMath
contract address: 0xA3e36Af67665732c209f8a13C7c726ae656A21a3
contract balance: 0E-18

05/22/2023 03:29:25 AM 
contract name: CreditDepositBankOwnable
contract address: 0x7D7d10B770Cb4831dAB0eD07c94865E8A7803C64
contract balance: 0E-18

05/22/2023 03:29:25 AM 
contract name: Storage
contract address: 0xd9588df4D6Ce668B13b7C5a0aB69dbF1F68cde30
contract balance: 0E-18

05/22/2023 03:29:26 AM 
contract name: EthronTokenPonzi
contract address: 0x4EBF6256a4d42Ba3a1EA398758548B9FE5EA05D9
contract balance: 0E-18

05/22/2023 03:29:26 AM 
contract name: BetBuyer
contract address: 0x4d2ddE34B656A22b9252b4ed76b1C9bC9293EE5F
contract balance: 0E-18

05/22/2023 03:29:26 AM 
contract name: EtherConsole
contract address: 0x1AacCb383B40D1ce9c8504E0032a67044F07052F
contract balance: 0E-18

05/22/2023 03:29:26 AM 
contract name: MyOwnableOne
contract address: 0xDE83cbAE7De5c627a397AA327CD02fb2e4cAD028
contract balance: 0E-18

05/22/2023 03:29:26 AM 
contract name: PIGGYBANK_Log
contract address: 0x5BdF99bEE48253e5C0319234ABB138Eb5542F837
contract balance: 0E-18

05/22/2023 03:29:26 AM 
contract name: StandardToken
contract address: 0xf921246a2A055E41Ac27b677e548D1B94c5e1BC6
contract balance: 0E-18

05/22/2023 03:29:26 AM 
contract name: DSAuth
contract address: 0xc68459Bb61d80ED797524d467Cf159735278B974
contract balance: 0E-18

05/22/2023 03:29:26 AM 
contract name: CryptoChamps
contract address: 0x7c83A7C72B045900946E6699676051aA4aA867E6
contract balance: 0E-18

05/22/2023 03:29:26 AM 
contract name: Owned
contract address: 0x0F1AE531f3A0bc0b75a5410161B32dEbd3Ca20A0
contract balance: 0E-18

05/22/2023 03:29:26 AM 
contract name: DSProxyCache
contract address: 0xb4481e26f06A1bc49906312f66DB6A716079FAB0
contract balance: 0E-18

